2023-01-13 10:19:53.381826 ------ 购买 [狮鹫级]---数量:159  失败：isk不足；当前余额66701857；所需isk: 588300000
2023-01-13 10:33:34.972728 ------ 购买 [狮鹫级]---数量:159  失败：isk不足；当前余额66701857；所需isk: 588300000
2023-01-13 11:00:41.761605 ------ 购买 [小鹰级]---数量:159  成功；剩余余额52943358
2023-01-13 11:20:55.287487 ------ 购买 [小鹰级]---数量:159  成功；剩余余额42884859
2023-01-13 14:35:26.018378 ------ 购买 [小鹰级]---数量:159  成功；剩余余额32826360
2023-01-13 14:51:24.802198 ------ 商品减少: 裂谷级
2023-01-13 14:51:24.803197 ------ 商品减少: 三叉戟级
2023-01-13 14:51:24.804196 ------ 商品减少: 伐木者级二型
2023-01-13 14:51:24.804196 ------ 商品减少: 探索级
2023-01-13 14:51:24.805195 ------ 商品减少: 巨神兵级
2023-01-13 14:51:24.806198 ------ 商品减少: 执剑者级
2023-01-13 14:51:24.806198 ------ 商品减少: 守护者级二型
2023-01-13 14:51:24.807198 ------ 商品减少: 渡鸦级突击型
2023-01-13 14:51:24.807198 ------ 商品减少: 纳维达斯级二型
2023-01-13 14:51:24.819203 ------ 商品增加: 五型
2023-01-13 14:59:38.393359 ------ 商品减少: 五型
2023-01-13 14:59:38.398368 ------ 商品增加: 五型中型来复磁轨炮
2023-01-13 15:02:24.626756 ------ 商品增加: 五型中型来复磁轨炸
2023-01-13 15:05:23.429984 ------ 商品减少: 五型中型来复磁轨炸
2023-01-13 15:06:52.871022 ------ 购买 [茶隼级]---数量:2  成功；剩余余额32666360
